-------------------------------------------------------------------------------
Test set: fr.ufrsciencestech.projet.controler.ControleurTest
-------------------------------------------------------------------------------
Tests run: 4, Failures: 0, Errors: 4, Skipped: 0, Time elapsed: 0.471 s <<< FAILURE! - in fr.ufrsciencestech.projet.controler.ControleurTest
testActionPerformedVide(fr.ufrsciencestech.projet.controler.ControleurTest)  Time elapsed: 0.314 s  <<< ERROR!
java.lang.NullPointerException: Cannot invoke "fr.ufrsciencestech.projet.model.Panier.retrait()" because "this.p" is null
	at fr.ufrsciencestech.projet.controler.ControleurTest.testActionPerformedVide(ControleurTest.java:83)

testActionPerformed(fr.ufrsciencestech.projet.controler.ControleurTest)  Time elapsed: 0.049 s  <<< ERROR!
java.lang.NullPointerException: Cannot invoke "fr.ufrsciencestech.projet.model.Panier.ajout()" because "this.p" is null
	at fr.ufrsciencestech.projet.controler.ControleurTest.testActionPerformed(ControleurTest.java:52)

testActionPerformedSet(fr.ufrsciencestech.projet.controler.ControleurTest)  Time elapsed: 0.025 s  <<< ERROR!
java.lang.NullPointerException: Cannot invoke "fr.ufrsciencestech.projet.model.Panier.ajout()" because "this.p" is null
	at fr.ufrsciencestech.projet.controler.ControleurTest.testActionPerformedSet(ControleurTest.java:68)

testSetModele(fr.ufrsciencestech.projet.controler.ControleurTest)  Time elapsed: 0.038 s  <<< ERROR!
java.lang.NullPointerException: Cannot invoke "fr.ufrsciencestech.projet.model.Panier.ajout()" because "this.p" is null
	at fr.ufrsciencestech.projet.controler.ControleurTest.testSetModele(ControleurTest.java:94)

